Case #1: 0
Case #2: 999337777
Case #3: 66 666
Case #4: 333666 666022 2777
Case #5: 4433555 555666096667775553
Case #6: 443 377
Case #7: 55 559994466699977733
Case #8: 899993332226622
Case #9: 2 22299
Case #10: 7772243 38 822290
Case #11: 44222555668227755508 8
Case #12: 9322284777728999222
Case #13: 85559
Case #14: 76877755444 4442999
Case #15: 0222
Case #16: 99339999 922243662233 337733
Case #17: 9922355777733899477555 5599
Case #18: 222533 32233377779
Case #19: 44777799933377779933444
Case #20: 553344668 8 8999333 333 3
Case #21: 44433 36699997777833444
Case #22: 22248 83669995667
Case #23: 55 55577 77755
Case #24: 554442666774433344477768
Case #25: 9996033390799993229
Case #26: 539999
Case #27: 22666777223377779
Case #28: 22255 577774777 777 7770
Case #29: 78444033555667777
Case #30: 666976655999552266687 7777
Case #31: 44775593309996669999777444
Case #32: 44454099922
Case #33: 66773666299997777874559997777333
Case #34: 67777 77779999 977733666222
Case #35: 663 33399508334
Case #36: 8333284449555
Case #37: 9 9944777722252777756633055
Case #38: 722 2 26744733555 52
Case #39: 06667557773855
Case #40: 55 5444 4455544
Case #41: 2229922366556222442229998
Case #42: 777 785558999
Case #43: 666337486222 222
Case #44: 942389999355583322258
Case #45: 77739999666
Case #46: 559999777
Case #47: 38
Case #48: 33306654407 7999669999222
Case #49: 3 3555
Case #50: 55 55338 8440
Case #51: 49999666
Case #52: 337
Case #53: 5557773339787779777796622777666
Case #54: 8333
Case #55: 944452695
Case #56: 6687744433733
Case #57: 7778
Case #58: 2 22292993344
Case #59: 2227764308442225553 37777
Case #60: 899777999333833
Case #61: 8666 66577799
Case #62: 443335777 7555666 659
Case #63: 999922 2228999922
Case #64: 77 777752 22266998
Case #65: 3322287777559922255998
Case #66: 999 999 99637777668 875777 7
Case #67: 776954443
Case #68: 666899995444 444999944422669999
Case #69: 9999 999 99977787772993222042
Case #70: 877 7777833322777228
Case #71: 799933399 99 9999 9999
Case #72: 777055585558222 22555857
Case #73: 33367799998 8 8099
Case #74: 9558722577668
Case #75: 7899994455 559966699977757777
Case #76: 3344499
Case #77: 666555444 44
Case #78: 33225554499442664
Case #79: 49555222
Case #80: 229999774477773332 25550
Case #81: 33222666266777
Case #82: 8 8557785558 83355333
Case #83: 5566222
Case #84: 2227775566445999 997555999944
Case #85: 7777877666877333 36622
Case #86: 82226
Case #87: 44436667777 77 7 7222555
Case #88: 99993299929993344454777755
Case #89: 544662277755
Case #90: 33666222999666558777747778 8
Case #91: 9755
Case #92: 25669955229977666508777
Case #93: 67777266
Case #94: 996655996664
Case #95: 4426669999662 22266644
Case #96: 559
Case #97: 9997777
Case #98: 522208 8 864445992266
Case #99: 77762223332266658
Case #100: 44422844477222 293338446
